0 verbose cli /Users/zhenfengxie/Documents/trae_projects/nodejs/bin/node /Users/zhenfengxie/Documents/trae_projects/nodejs/lib/node_modules/npm/bin/npm-cli.js
1 info using npm@10.2.4
2 info using node@v20.11.1
3 timing npm:load:whichnode Completed in 1ms
4 timing config:load:defaults Completed in 1ms
5 timing config:load:file:/Users/zhenfengxie/Documents/trae_projects/nodejs/lib/node_modules/npm/npmrc Completed in 2ms
6 timing config:load:builtin Completed in 2ms
7 timing config:load:cli Completed in 1ms
8 timing config:load:env Completed in 0ms
9 timing config:load:file:/Users/zhenfengxie/Documents/trae_projects/my_ppt/.npmrc Completed in 0ms
10 timing config:load:project Completed in 3ms
11 timing config:load:file:/Users/zhenfengxie/Documents/trae_projects/my_ppt/.home_dir/.npmrc Completed in 0ms
12 timing config:load:user Completed in 0ms
13 timing config:load:file:/Users/zhenfengxie/Documents/trae_projects/nodejs/etc/npmrc Completed in 0ms
14 timing config:load:global Completed in 0ms
15 timing config:load:setEnvs Completed in 0ms
16 timing config:load Completed in 7ms
17 timing npm:load:configload Completed in 7ms
18 timing config:load:flatten Completed in 1ms
19 timing npm:load:mkdirpcache Completed in 1ms
20 timing npm:load:mkdirplogs Completed in 0ms
21 verbose title npm exec vercel --prod --yes
22 verbose argv "exec" "--" "vercel" "--prod" "--yes"
23 timing npm:load:setTitle Completed in 6ms
24 timing npm:load:display Completed in 0ms
25 verbose logfile logs-max:10 dir:/Users/zhenfengxie/Documents/trae_projects/my_ppt/.home_dir/.npm/_logs/2026-05-07T14_16_00_440Z-
26 verbose logfile /Users/zhenfengxie/Documents/trae_projects/my_ppt/.home_dir/.npm/_logs/2026-05-07T14_16_00_440Z-debug-0.log
27 timing npm:load:logFile Completed in 5ms
28 timing npm:load:timers Completed in 0ms
29 timing npm:load:configScope Completed in 0ms
30 timing npm:load Completed in 30ms
31 silly logfile done cleaning log files
32 timing command:exec Completed in 19471ms
33 verbose exit 0
34 timing npm Completed in 19644ms
35 info ok
